2026-01-18 17:16:56.101 +01:00 [INF] Start installing Hangfire SQL objects...
2026-01-18 17:17:06.387 +01:00 [WRN] An exception occurred while trying to perform the migration. Retrying...
Microsoft.Data.SqlClient.SqlException (0x80131904): Не удается открыть базу данных "NovelVision.Visualization", запрашиваемую именем входа. Не удалось выполнить вход.
При входе в систему пользователя "LAPTOP-OHNFI7TT\DATART" произошла ошибка.
   at Microsoft.Data.SqlClient.SqlInternalConnection.OnError(SqlException exception, Boolean breakConnection, Action`1 wrapCloseInAction)
   at Microsoft.Data.SqlClient.TdsParser.ThrowExceptionAndWarning(TdsParserStateObject stateObj, SqlCommand command, Boolean callerHasConnectionLock, Boolean asyncClose)
   at Microsoft.Data.SqlClient.TdsParser.TryRun(RunBehavior runBehavior, SqlCommand cmdHandler, SqlDataReader dataStream, BulkCopySimpleResultSet bulkCopyHandler, TdsParserStateObject stateObj, Boolean& dataReady)
   at Microsoft.Data.SqlClient.TdsParser.Run(RunBehavior runBehavior, SqlCommand cmdHandler, SqlDataReader dataStream, BulkCopySimpleResultSet bulkCopyHandler, TdsParserStateObject stateObj)
   at Microsoft.Data.SqlClient.SqlInternalConnectionTds.CompleteLogin(Boolean enlistOK)
   at Microsoft.Data.SqlClient.SqlInternalConnectionTds.AttemptOneLogin(ServerInfo serverInfo, String newPassword, SecureString newSecurePassword, TimeoutTimer timeout, Boolean withFailover)
   at Microsoft.Data.SqlClient.SqlInternalConnectionTds.LoginNoFailover(ServerInfo serverInfo, String newPassword, SecureString newSecurePassword, Boolean redirectedUserInstance, SqlConnectionString connectionOptions, SqlCredential credential, TimeoutTimer timeout)
   at Microsoft.Data.SqlClient.SqlInternalConnectionTds.OpenLoginEnlist(TimeoutTimer timeout, SqlConnectionString connectionOptions, SqlCredential credential, String newPassword, SecureString newSecurePassword, Boolean redirectedUserInstance)
   at Microsoft.Data.SqlClient.SqlInternalConnectionTds..ctor(DbConnectionPoolIdentity identity, SqlConnectionString connectionOptions, SqlCredential credential, Object providerInfo, String newPassword, SecureString newSecurePassword, Boolean redirectedUserInstance, SqlConnectionString userConnectionOptions, SessionData reconnectSessionData, Boolean applyTransientFaultHandling, String accessToken, DbConnectionPool pool, Func`3 accessTokenCallback)
   at Microsoft.Data.SqlClient.SqlConnectionFactory.CreateConnection(DbConnectionOptions options, DbConnectionPoolKey poolKey, Object poolGroupProviderInfo, DbConnectionPool pool, DbConnection owningConnection, DbConnectionOptions userOptions)
   at Microsoft.Data.ProviderBase.DbConnectionFactory.CreatePooledConnection(DbConnectionPool pool, DbConnection owningObject, DbConnectionOptions options, DbConnectionPoolKey poolKey, DbConnectionOptions userOptions)
   at Microsoft.Data.ProviderBase.DbConnectionPool.CreateObject(DbConnection owningObject, DbConnectionOptions userOptions, DbConnectionInternal oldConnection)
   at Microsoft.Data.ProviderBase.DbConnectionPool.UserCreateRequest(DbConnection owningObject, DbConnectionOptions userOptions, DbConnectionInternal oldConnection)
   at Microsoft.Data.ProviderBase.DbConnectionPool.TryGetConnection(DbConnection owningObject, UInt32 waitForMultipleObjectsTimeout, Boolean allowCreate, Boolean onlyOneCheckConnection, DbConnectionOptions userOptions, DbConnectionInternal& connection)
   at Microsoft.Data.ProviderBase.DbConnectionPool.TryGetConnection(DbConnection owningObject, TaskCompletionSource`1 retry, DbConnectionOptions userOptions, DbConnectionInternal& connection)
   at Microsoft.Data.ProviderBase.DbConnectionFactory.TryGetConnection(DbConnection owningConnection, TaskCompletionSource`1 retry, DbConnectionOptions userOptions, DbConnectionInternal oldConnection, DbConnectionInternal& connection)
   at Microsoft.Data.ProviderBase.DbConnectionInternal.TryOpenConnectionInternal(DbConnection outerConnection, DbConnectionFactory connectionFactory, TaskCompletionSource`1 retry, DbConnectionOptions userOptions)
   at Microsoft.Data.ProviderBase.DbConnectionClosed.TryOpenConnection(DbConnection outerConnection, DbConnectionFactory connectionFactory, TaskCompletionSource`1 retry, DbConnectionOptions userOptions)
   at Microsoft.Data.SqlClient.SqlConnection.TryOpen(TaskCompletionSource`1 retry, SqlConnectionOverrides overrides)
   at Microsoft.Data.SqlClient.SqlConnection.Open(SqlConnectionOverrides overrides)
   at Microsoft.Data.SqlClient.SqlConnection.Open()
   at Hangfire.SqlServer.SqlServerStorage.CreateAndOpenConnection() in C:\projects\hangfire-525\src\Hangfire.SqlServer\SqlServerStorage.cs:line 406
   at Hangfire.SqlServer.SqlServerStorage.UseConnection[TContext,TResult](DbConnection dedicatedConnection, Func`4 func, TContext context) in C:\projects\hangfire-525\src\Hangfire.SqlServer\SqlServerStorage.cs:line 291
   at Hangfire.SqlServer.SqlServerStorage.UseConnection(DbConnection dedicatedConnection, Action`2 action) in C:\projects\hangfire-525\src\Hangfire.SqlServer\SqlServerStorage.cs:line 268
   at Hangfire.SqlServer.SqlServerStorage.Initialize() in C:\projects\hangfire-525\src\Hangfire.SqlServer\SqlServerStorage.cs:line 465
ClientConnectionId:a537b73e-4d2a-48c7-b336-b6dd654606dc
Error Number:4060,State:1,Class:11
2026-01-18 17:17:06.399 +01:00 [WRN] An exception occurred while trying to perform the migration. Retrying...
Microsoft.Data.SqlClient.SqlException (0x80131904): Не удается открыть базу данных "NovelVision.Visualization", запрашиваемую именем входа. Не удалось выполнить вход.
При входе в систему пользователя "LAPTOP-OHNFI7TT\DATART" произошла ошибка.
   at Microsoft.Data.ProviderBase.DbConnectionPool.TryGetConnection(DbConnection owningObject, UInt32 waitForMultipleObjectsTimeout, Boolean allowCreate, Boolean onlyOneCheckConnection, DbConnectionOptions userOptions, DbConnectionInternal& connection)
   at Microsoft.Data.ProviderBase.DbConnectionPool.TryGetConnection(DbConnection owningObject, TaskCompletionSource`1 retry, DbConnectionOptions userOptions, DbConnectionInternal& connection)
   at Microsoft.Data.ProviderBase.DbConnectionFactory.TryGetConnection(DbConnection owningConnection, TaskCompletionSource`1 retry, DbConnectionOptions userOptions, DbConnectionInternal oldConnection, DbConnectionInternal& connection)
   at Microsoft.Data.ProviderBase.DbConnectionInternal.TryOpenConnectionInternal(DbConnection outerConnection, DbConnectionFactory connectionFactory, TaskCompletionSource`1 retry, DbConnectionOptions userOptions)
   at Microsoft.Data.ProviderBase.DbConnectionClosed.TryOpenConnection(DbConnection outerConnection, DbConnectionFactory connectionFactory, TaskCompletionSource`1 retry, DbConnectionOptions userOptions)
   at Microsoft.Data.SqlClient.SqlConnection.TryOpen(TaskCompletionSource`1 retry, SqlConnectionOverrides overrides)
   at Microsoft.Data.SqlClient.SqlConnection.Open(SqlConnectionOverrides overrides)
   at Microsoft.Data.SqlClient.SqlConnection.Open()
   at Hangfire.SqlServer.SqlServerStorage.CreateAndOpenConnection() in C:\projects\hangfire-525\src\Hangfire.SqlServer\SqlServerStorage.cs:line 406
   at Hangfire.SqlServer.SqlServerStorage.UseConnection[TContext,TResult](DbConnection dedicatedConnection, Func`4 func, TContext context) in C:\projects\hangfire-525\src\Hangfire.SqlServer\SqlServerStorage.cs:line 291
   at Hangfire.SqlServer.SqlServerStorage.UseConnection(DbConnection dedicatedConnection, Action`2 action) in C:\projects\hangfire-525\src\Hangfire.SqlServer\SqlServerStorage.cs:line 268
   at Hangfire.SqlServer.SqlServerStorage.Initialize() in C:\projects\hangfire-525\src\Hangfire.SqlServer\SqlServerStorage.cs:line 465
ClientConnectionId:a537b73e-4d2a-48c7-b336-b6dd654606dc
Error Number:4060,State:1,Class:11
2026-01-18 17:17:06.400 +01:00 [WRN] An exception occurred while trying to perform the migration.
Microsoft.Data.SqlClient.SqlException (0x80131904): Не удается открыть базу данных "NovelVision.Visualization", запрашиваемую именем входа. Не удалось выполнить вход.
При входе в систему пользователя "LAPTOP-OHNFI7TT\DATART" произошла ошибка.
   at Microsoft.Data.ProviderBase.DbConnectionPool.TryGetConnection(DbConnection owningObject, UInt32 waitForMultipleObjectsTimeout, Boolean allowCreate, Boolean onlyOneCheckConnection, DbConnectionOptions userOptions, DbConnectionInternal& connection)
   at Microsoft.Data.ProviderBase.DbConnectionPool.TryGetConnection(DbConnection owningObject, TaskCompletionSource`1 retry, DbConnectionOptions userOptions, DbConnectionInternal& connection)
   at Microsoft.Data.ProviderBase.DbConnectionFactory.TryGetConnection(DbConnection owningConnection, TaskCompletionSource`1 retry, DbConnectionOptions userOptions, DbConnectionInternal oldConnection, DbConnectionInternal& connection)
   at Microsoft.Data.ProviderBase.DbConnectionInternal.TryOpenConnectionInternal(DbConnection outerConnection, DbConnectionFactory connectionFactory, TaskCompletionSource`1 retry, DbConnectionOptions userOptions)
   at Microsoft.Data.ProviderBase.DbConnectionClosed.TryOpenConnection(DbConnection outerConnection, DbConnectionFactory connectionFactory, TaskCompletionSource`1 retry, DbConnectionOptions userOptions)
   at Microsoft.Data.SqlClient.SqlConnection.TryOpen(TaskCompletionSource`1 retry, SqlConnectionOverrides overrides)
   at Microsoft.Data.SqlClient.SqlConnection.Open(SqlConnectionOverrides overrides)
   at Microsoft.Data.SqlClient.SqlConnection.Open()
   at Hangfire.SqlServer.SqlServerStorage.CreateAndOpenConnection() in C:\projects\hangfire-525\src\Hangfire.SqlServer\SqlServerStorage.cs:line 406
   at Hangfire.SqlServer.SqlServerStorage.UseConnection[TContext,TResult](DbConnection dedicatedConnection, Func`4 func, TContext context) in C:\projects\hangfire-525\src\Hangfire.SqlServer\SqlServerStorage.cs:line 291
   at Hangfire.SqlServer.SqlServerStorage.UseConnection(DbConnection dedicatedConnection, Action`2 action) in C:\projects\hangfire-525\src\Hangfire.SqlServer\SqlServerStorage.cs:line 268
   at Hangfire.SqlServer.SqlServerStorage.Initialize() in C:\projects\hangfire-525\src\Hangfire.SqlServer\SqlServerStorage.cs:line 465
ClientConnectionId:a537b73e-4d2a-48c7-b336-b6dd654606dc
Error Number:4060,State:1,Class:11
2026-01-18 17:17:06.401 +01:00 [WRN] Was unable to perform the Hangfire schema migration due to an exception. Ignore this message unless you've just installed or upgraded Hangfire.
Microsoft.Data.SqlClient.SqlException (0x80131904): Не удается открыть базу данных "NovelVision.Visualization", запрашиваемую именем входа. Не удалось выполнить вход.
При входе в систему пользователя "LAPTOP-OHNFI7TT\DATART" произошла ошибка.
   at Microsoft.Data.ProviderBase.DbConnectionPool.TryGetConnection(DbConnection owningObject, UInt32 waitForMultipleObjectsTimeout, Boolean allowCreate, Boolean onlyOneCheckConnection, DbConnectionOptions userOptions, DbConnectionInternal& connection)
   at Microsoft.Data.ProviderBase.DbConnectionPool.TryGetConnection(DbConnection owningObject, TaskCompletionSource`1 retry, DbConnectionOptions userOptions, DbConnectionInternal& connection)
   at Microsoft.Data.ProviderBase.DbConnectionFactory.TryGetConnection(DbConnection owningConnection, TaskCompletionSource`1 retry, DbConnectionOptions userOptions, DbConnectionInternal oldConnection, DbConnectionInternal& connection)
   at Microsoft.Data.ProviderBase.DbConnectionInternal.TryOpenConnectionInternal(DbConnection outerConnection, DbConnectionFactory connectionFactory, TaskCompletionSource`1 retry, DbConnectionOptions userOptions)
   at Microsoft.Data.ProviderBase.DbConnectionClosed.TryOpenConnection(DbConnection outerConnection, DbConnectionFactory connectionFactory, TaskCompletionSource`1 retry, DbConnectionOptions userOptions)
   at Microsoft.Data.SqlClient.SqlConnection.TryOpen(TaskCompletionSource`1 retry, SqlConnectionOverrides overrides)
   at Microsoft.Data.SqlClient.SqlConnection.Open(SqlConnectionOverrides overrides)
   at Microsoft.Data.SqlClient.SqlConnection.Open()
   at Hangfire.SqlServer.SqlServerStorage.CreateAndOpenConnection() in C:\projects\hangfire-525\src\Hangfire.SqlServer\SqlServerStorage.cs:line 406
   at Hangfire.SqlServer.SqlServerStorage.UseConnection[TContext,TResult](DbConnection dedicatedConnection, Func`4 func, TContext context) in C:\projects\hangfire-525\src\Hangfire.SqlServer\SqlServerStorage.cs:line 291
   at Hangfire.SqlServer.SqlServerStorage.UseConnection(DbConnection dedicatedConnection, Action`2 action) in C:\projects\hangfire-525\src\Hangfire.SqlServer\SqlServerStorage.cs:line 268
   at Hangfire.SqlServer.SqlServerStorage.Initialize() in C:\projects\hangfire-525\src\Hangfire.SqlServer\SqlServerStorage.cs:line 465
ClientConnectionId:a537b73e-4d2a-48c7-b336-b6dd654606dc
Error Number:4060,State:1,Class:11
2026-01-18 17:17:06.402 +01:00 [ERR] Was unable to use the TryAutoDetectSchemaDependentOptions option due to an exception.
Microsoft.Data.SqlClient.SqlException (0x80131904): Не удается открыть базу данных "NovelVision.Visualization", запрашиваемую именем входа. Не удалось выполнить вход.
При входе в систему пользователя "LAPTOP-OHNFI7TT\DATART" произошла ошибка.
   at Microsoft.Data.ProviderBase.DbConnectionPool.TryGetConnection(DbConnection owningObject, UInt32 waitForMultipleObjectsTimeout, Boolean allowCreate, Boolean onlyOneCheckConnection, DbConnectionOptions userOptions, DbConnectionInternal& connection)
   at Microsoft.Data.ProviderBase.DbConnectionPool.TryGetConnection(DbConnection owningObject, TaskCompletionSource`1 retry, DbConnectionOptions userOptions, DbConnectionInternal& connection)
   at Microsoft.Data.ProviderBase.DbConnectionFactory.TryGetConnection(DbConnection owningConnection, TaskCompletionSource`1 retry, DbConnectionOptions userOptions, DbConnectionInternal oldConnection, DbConnectionInternal& connection)
   at Microsoft.Data.ProviderBase.DbConnectionInternal.TryOpenConnectionInternal(DbConnection outerConnection, DbConnectionFactory connectionFactory, TaskCompletionSource`1 retry, DbConnectionOptions userOptions)
   at Microsoft.Data.ProviderBase.DbConnectionClosed.TryOpenConnection(DbConnection outerConnection, DbConnectionFactory connectionFactory, TaskCompletionSource`1 retry, DbConnectionOptions userOptions)
   at Microsoft.Data.SqlClient.SqlConnection.TryOpen(TaskCompletionSource`1 retry, SqlConnectionOverrides overrides)
   at Microsoft.Data.SqlClient.SqlConnection.Open(SqlConnectionOverrides overrides)
   at Microsoft.Data.SqlClient.SqlConnection.Open()
   at Hangfire.SqlServer.SqlServerStorage.CreateAndOpenConnection() in C:\projects\hangfire-525\src\Hangfire.SqlServer\SqlServerStorage.cs:line 406
   at Hangfire.SqlServer.SqlServerStorage.UseConnection[TContext,TResult](DbConnection dedicatedConnection, Func`4 func, TContext context) in C:\projects\hangfire-525\src\Hangfire.SqlServer\SqlServerStorage.cs:line 291
   at Hangfire.SqlServer.SqlServerStorage.UseConnection[TResult](DbConnection dedicatedConnection, Func`3 action) in C:\projects\hangfire-525\src\Hangfire.SqlServer\SqlServerStorage.cs:line 279
   at Hangfire.SqlServer.SqlServerStorage.Initialize() in C:\projects\hangfire-525\src\Hangfire.SqlServer\SqlServerStorage.cs:line 495
ClientConnectionId:a537b73e-4d2a-48c7-b336-b6dd654606dc
Error Number:4060,State:1,Class:11
2026-01-18 17:17:06.409 +01:00 [INF] Visualization API started successfully
2026-01-18 17:17:06.409 +01:00 [INF] Environment: Development
2026-01-18 17:17:06.409 +01:00 [INF] Swagger UI: https://localhost:7130/swagger
2026-01-18 17:17:06.409 +01:00 [INF] Health Check: https://localhost:7130/health
2026-01-18 17:17:06.409 +01:00 [INF] SignalR Hub: wss://localhost:7130/hubs/visualization
2026-01-18 17:17:06.439 +01:00 [INF] User profile is available. Using 'C:\Users\DATART\AppData\Local\ASP.NET\DataProtection-Keys' as key repository and Windows DPAPI to encrypt keys at rest.
2026-01-18 17:17:06.504 +01:00 [WRN] The WebRootPath was not found: C:\Users\DATART\Desktop\NovelVision\src\Services\Visualization.API\NovelVision.Services.Visualization.API\wwwroot. Static files may be unavailable.
2026-01-18 17:17:06.610 +01:00 [INF] Now listening on: https://localhost:7130
2026-01-18 17:17:06.611 +01:00 [INF] Now listening on: http://localhost:5284
2026-01-18 17:17:06.765 +01:00 [INF] Starting Hangfire Server using job storage: 'SQL Server: LAPTOP-OHNFI7TT@NovelVision.Visualization'
2026-01-18 17:17:06.765 +01:00 [INF] Using the following options for SQL Server job storage: Queue poll interval: 00:00:15.
2026-01-18 17:17:06.765 +01:00 [INF] Using the following options for Hangfire Server:
    Worker count: 16
    Listening queues: 'visualization', 'default'
    Shutdown timeout: 00:00:15
    Schedule polling interval: 00:00:15
2026-01-18 17:17:06.783 +01:00 [INF] Application started. Press Ctrl+C to shut down.
2026-01-18 17:17:06.783 +01:00 [INF] Hosting environment: Development
2026-01-18 17:17:06.783 +01:00 [INF] Content root path: C:\Users\DATART\Desktop\NovelVision\src\Services\Visualization.API\NovelVision.Services.Visualization.API
2026-01-18 17:17:06.788 +01:00 [DBG] Execution loop BackgroundServerProcess:de9e03cc has started in 5,4186 ms
2026-01-18 17:17:06.844 +01:00 [ERR] Execution BackgroundServerProcess is in the Failed state now due to an exception, execution will be retried in no more than 00:00:15
Microsoft.Data.SqlClient.SqlException (0x80131904): Не удается открыть базу данных "NovelVision.Visualization", запрашиваемую именем входа. Не удалось выполнить вход.
При входе в систему пользователя "LAPTOP-OHNFI7TT\DATART" произошла ошибка.
   at Microsoft.Data.ProviderBase.DbConnectionPool.TryGetConnection(DbConnection owningObject, UInt32 waitForMultipleObjectsTimeout, Boolean allowCreate, Boolean onlyOneCheckConnection, DbConnectionOptions userOptions, DbConnectionInternal& connection)
   at Microsoft.Data.ProviderBase.DbConnectionPool.TryGetConnection(DbConnection owningObject, TaskCompletionSource`1 retry, DbConnectionOptions userOptions, DbConnectionInternal& connection)
   at Microsoft.Data.ProviderBase.DbConnectionFactory.TryGetConnection(DbConnection owningConnection, TaskCompletionSource`1 retry, DbConnectionOptions userOptions, DbConnectionInternal oldConnection, DbConnectionInternal& connection)
   at Microsoft.Data.ProviderBase.DbConnectionInternal.TryOpenConnectionInternal(DbConnection outerConnection, DbConnectionFactory connectionFactory, TaskCompletionSource`1 retry, DbConnectionOptions userOptions)
   at Microsoft.Data.ProviderBase.DbConnectionClosed.TryOpenConnection(DbConnection outerConnection, DbConnectionFactory connectionFactory, TaskCompletionSource`1 retry, DbConnectionOptions userOptions)
   at Microsoft.Data.SqlClient.SqlConnection.TryOpen(TaskCompletionSource`1 retry, SqlConnectionOverrides overrides)
   at Microsoft.Data.SqlClient.SqlConnection.Open(SqlConnectionOverrides overrides)
   at Microsoft.Data.SqlClient.SqlConnection.Open()
   at Hangfire.SqlServer.SqlServerStorage.CreateAndOpenConnection() in C:\projects\hangfire-525\src\Hangfire.SqlServer\SqlServerStorage.cs:line 406
   at Hangfire.SqlServer.SqlServerStorage.UseConnection[TContext,TResult](DbConnection dedicatedConnection, Func`4 func, TContext context) in C:\projects\hangfire-525\src\Hangfire.SqlServer\SqlServerStorage.cs:line 291
   at Hangfire.SqlServer.SqlServerConnection.AnnounceServer(String serverId, ServerContext context) in C:\projects\hangfire-525\src\Hangfire.SqlServer\SqlServerConnection.cs:line 512
   at Hangfire.Server.BackgroundServerProcess.CreateServer(BackgroundServerContext context) in C:\projects\hangfire-525\src\Hangfire.Core\Server\BackgroundServerProcess.cs:line 209
   at Hangfire.Server.BackgroundServerProcess.Execute(Guid executionId, BackgroundExecution execution, CancellationToken stoppingToken, CancellationToken stoppedToken, CancellationToken shutdownToken) in C:\projects\hangfire-525\src\Hangfire.Core\Server\BackgroundServerProcess.cs:line 101
   at Hangfire.Server.BackgroundProcessingServer.RunServer(Guid executionId, Object state) in C:\projects\hangfire-525\src\Hangfire.Core\Server\BackgroundProcessingServer.cs:line 249
   at Hangfire.Processing.BackgroundExecution.Run(Action`2 callback, Object state) in C:\projects\hangfire-525\src\Hangfire.Core\Processing\BackgroundExecution.cs:line 118
ClientConnectionId:a537b73e-4d2a-48c7-b336-b6dd654606dc
Error Number:4060,State:1,Class:11
2026-01-18 17:17:06.846 +01:00 [DBG] Execution loop BackgroundServerProcess:de9e03cc caught an exception and will be retried in 00:00:15
Microsoft.Data.SqlClient.SqlException (0x80131904): Не удается открыть базу данных "NovelVision.Visualization", запрашиваемую именем входа. Не удалось выполнить вход.
При входе в систему пользователя "LAPTOP-OHNFI7TT\DATART" произошла ошибка.
   at Microsoft.Data.ProviderBase.DbConnectionPool.TryGetConnection(DbConnection owningObject, UInt32 waitForMultipleObjectsTimeout, Boolean allowCreate, Boolean onlyOneCheckConnection, DbConnectionOptions userOptions, DbConnectionInternal& connection)
   at Microsoft.Data.ProviderBase.DbConnectionPool.TryGetConnection(DbConnection owningObject, TaskCompletionSource`1 retry, DbConnectionOptions userOptions, DbConnectionInternal& connection)
   at Microsoft.Data.ProviderBase.DbConnectionFactory.TryGetConnection(DbConnection owningConnection, TaskCompletionSource`1 retry, DbConnectionOptions userOptions, DbConnectionInternal oldConnection, DbConnectionInternal& connection)
   at Microsoft.Data.ProviderBase.DbConnectionInternal.TryOpenConnectionInternal(DbConnection outerConnection, DbConnectionFactory connectionFactory, TaskCompletionSource`1 retry, DbConnectionOptions userOptions)
   at Microsoft.Data.ProviderBase.DbConnectionClosed.TryOpenConnection(DbConnection outerConnection, DbConnectionFactory connectionFactory, TaskCompletionSource`1 retry, DbConnectionOptions userOptions)
   at Microsoft.Data.SqlClient.SqlConnection.TryOpen(TaskCompletionSource`1 retry, SqlConnectionOverrides overrides)
   at Microsoft.Data.SqlClient.SqlConnection.Open(SqlConnectionOverrides overrides)
   at Microsoft.Data.SqlClient.SqlConnection.Open()
   at Hangfire.SqlServer.SqlServerStorage.CreateAndOpenConnection() in C:\projects\hangfire-525\src\Hangfire.SqlServer\SqlServerStorage.cs:line 406
   at Hangfire.SqlServer.SqlServerStorage.UseConnection[TContext,TResult](DbConnection dedicatedConnection, Func`4 func, TContext context) in C:\projects\hangfire-525\src\Hangfire.SqlServer\SqlServerStorage.cs:line 291
   at Hangfire.SqlServer.SqlServerConnection.AnnounceServer(String serverId, ServerContext context) in C:\projects\hangfire-525\src\Hangfire.SqlServer\SqlServerConnection.cs:line 512
   at Hangfire.Server.BackgroundServerProcess.CreateServer(BackgroundServerContext context) in C:\projects\hangfire-525\src\Hangfire.Core\Server\BackgroundServerProcess.cs:line 209
   at Hangfire.Server.BackgroundServerProcess.Execute(Guid executionId, BackgroundExecution execution, CancellationToken stoppingToken, CancellationToken stoppedToken, CancellationToken shutdownToken) in C:\projects\hangfire-525\src\Hangfire.Core\Server\BackgroundServerProcess.cs:line 101
   at Hangfire.Server.BackgroundProcessingServer.RunServer(Guid executionId, Object state) in C:\projects\hangfire-525\src\Hangfire.Core\Server\BackgroundProcessingServer.cs:line 249
   at Hangfire.Processing.BackgroundExecution.Run(Action`2 callback, Object state) in C:\projects\hangfire-525\src\Hangfire.Core\Processing\BackgroundExecution.cs:line 118
ClientConnectionId:a537b73e-4d2a-48c7-b336-b6dd654606dc
Error Number:4060,State:1,Class:11
2026-01-18 17:17:06.848 +01:00 [DBG] Execution loop BackgroundServerProcess:de9e03cc will be retried in 00:00:15...
2026-01-18 17:17:22.251 +01:00 [WRN] Stopping the server due to DomainUnload or ProcessExit event...
2026-01-18 17:17:22.251 +01:00 [INF] Server laptop-ohnfi7tt:19284:ae847be2 caught stopping signal...
2026-01-18 17:17:22.251 +01:00 [INF] Server laptop-ohnfi7tt:19284:ae847be2 caught stopped signal...
2026-01-18 17:17:22.251 +01:00 [WRN] Server laptop-ohnfi7tt:19284:ae847be2 caught shutdown signal...
